mode: set
github.com/palner/apiban/clients/go/apiban/apiban.go:58.59,59.15 1 1
github.com/palner/apiban/clients/go/apiban/apiban.go:63.2,63.21 1 1
github.com/palner/apiban/clients/go/apiban/apiban.go:67.2,71.6 2 1
github.com/palner/apiban/clients/go/apiban/apiban.go:59.15,61.3 1 1
github.com/palner/apiban/clients/go/apiban/apiban.go:63.21,65.3 1 1
github.com/palner/apiban/clients/go/apiban/apiban.go:71.6,73.17 2 1
github.com/palner/apiban/clients/go/apiban/apiban.go:77.3,77.21 1 1
github.com/palner/apiban/clients/go/apiban/apiban.go:81.3,81.17 1 1
github.com/palner/apiban/clients/go/apiban/apiban.go:86.3,89.38 2 1
github.com/palner/apiban/clients/go/apiban/apiban.go:73.17,75.4 1 1
github.com/palner/apiban/clients/go/apiban/apiban.go:77.21,80.4 1 1
github.com/palner/apiban/clients/go/apiban/apiban.go:81.17,83.4 1 1
github.com/palner/apiban/clients/go/apiban/apiban.go:94.49,95.15 1 1
github.com/palner/apiban/clients/go/apiban/apiban.go:98.2,98.14 1 1
github.com/palner/apiban/clients/go/apiban/apiban.go:102.2,103.26 2 1
github.com/palner/apiban/clients/go/apiban/apiban.go:107.2,107.16 1 1
github.com/palner/apiban/clients/go/apiban/apiban.go:110.2,110.18 1 1
github.com/palner/apiban/clients/go/apiban/apiban.go:120.2,120.18 1 1
github.com/palner/apiban/clients/go/apiban/apiban.go:95.15,97.3 1 1
github.com/palner/apiban/clients/go/apiban/apiban.go:98.14,100.3 1 1
github.com/palner/apiban/clients/go/apiban/apiban.go:103.26,106.3 1 1
github.com/palner/apiban/clients/go/apiban/apiban.go:107.16,109.3 1 1
github.com/palner/apiban/clients/go/apiban/apiban.go:110.18,112.3 1 0
github.com/palner/apiban/clients/go/apiban/apiban.go:112.8,112.32 1 1
github.com/palner/apiban/clients/go/apiban/apiban.go:112.32,113.36 1 1
github.com/palner/apiban/clients/go/apiban/apiban.go:113.36,116.4 1 1
github.com/palner/apiban/clients/go/apiban/apiban.go:123.60,125.16 2 1
github.com/palner/apiban/clients/go/apiban/apiban.go:128.2,131.46 2 1
github.com/palner/apiban/clients/go/apiban/apiban.go:134.2,134.52 1 1
github.com/palner/apiban/clients/go/apiban/apiban.go:137.2,137.28 1 1
github.com/palner/apiban/clients/go/apiban/apiban.go:140.2,140.27 1 1
github.com/palner/apiban/clients/go/apiban/apiban.go:144.2,145.64 2 1
github.com/palner/apiban/clients/go/apiban/apiban.go:149.2,149.19 1 1
github.com/palner/apiban/clients/go/apiban/apiban.go:125.16,127.3 1 1
github.com/palner/apiban/clients/go/apiban/apiban.go:131.46,133.3 1 1
github.com/palner/apiban/clients/go/apiban/apiban.go:134.52,136.3 1 1
github.com/palner/apiban/clients/go/apiban/apiban.go:137.28,139.3 1 0
github.com/palner/apiban/clients/go/apiban/apiban.go:140.27,142.3 1 0
github.com/palner/apiban/clients/go/apiban/apiban.go:145.64,147.3 1 1
github.com/palner/apiban/clients/go/apiban/apiban.go:152.61,154.51 2 1
github.com/palner/apiban/clients/go/apiban/apiban.go:159.2,163.53 3 1
github.com/palner/apiban/clients/go/apiban/apiban.go:188.2,188.51 1 1
github.com/palner/apiban/clients/go/apiban/apiban.go:192.2,198.54 3 1
github.com/palner/apiban/clients/go/apiban/apiban.go:202.2,202.24 1 0
github.com/palner/apiban/clients/go/apiban/apiban.go:154.51,156.3 1 0
github.com/palner/apiban/clients/go/apiban/apiban.go:163.53,166.15 1 1
github.com/palner/apiban/clients/go/apiban/apiban.go:176.3,176.21 1 0
github.com/palner/apiban/clients/go/apiban/apiban.go:184.3,184.28 1 0
github.com/palner/apiban/clients/go/apiban/apiban.go:167.15,167.15 0 0
github.com/palner/apiban/clients/go/apiban/apiban.go:169.23,170.42 1 0
github.com/palner/apiban/clients/go/apiban/apiban.go:171.11,173.29 1 1
github.com/palner/apiban/clients/go/apiban/apiban.go:176.21,177.20 1 0
github.com/palner/apiban/clients/go/apiban/apiban.go:178.23,179.18 1 0
github.com/palner/apiban/clients/go/apiban/apiban.go:188.51,190.3 1 0
github.com/palner/apiban/clients/go/apiban/apiban.go:198.54,200.3 1 1
github.com/palner/apiban/clients/go/apiban/apiban.go:203.29,204.48 1 0
github.com/palner/apiban/clients/go/apiban/apiban.go:205.10,207.28 1 0
